{"level":"error","handler":"GetTemplateByIdHandler","time":"2022-11-27T19:18:38+07:00","caller":"C:/Users/MSI GF63/GolandProjects/learn/chatbotbasic/internal/platform/webapi/handler/template.go:57","message":"mongo: no documents in result"}
{"level":"error","handler":"GetTemplateByIdHandler","time":"2022-11-27T19:19:02+07:00","caller":"C:/Users/MSI GF63/GolandProjects/learn/chatbotbasic/internal/platform/webapi/handler/template.go:57","message":"mongo: no documents in result"}
{"level":"error","handler":"GetTemplateByIdHandler","time":"2022-11-27T19:20:23+07:00","caller":"C:/Users/MSI GF63/GolandProjects/learn/chatbotbasic/internal/platform/webapi/handler/template.go:57","message":"mongo: no documents in result"}
{"level":"error","handler":"GetTemplateCosterByIdHandler","time":"2022-11-27T20:32:23+07:00","caller":"C:/Users/MSI GF63/GolandProjects/learn/chatbotbasic/internal/platform/webapi/handler/template.go:154","message":"mongo: no documents in result"}
{"level":"error","template repo":"update template","time":"2022-11-28T09:19:32+07:00","caller":"C:/Users/MSI GF63/GolandProjects/learn/chatbotbasic/internal/platform/databases/template.go:46","message":"mongo: no documents in result"}
{"level":"error","handler":"UpdateTemplateHandler","time":"2022-11-28T09:19:32+07:00","caller":"C:/Users/MSI GF63/GolandProjects/learn/chatbotbasic/internal/platform/webapi/handler/template.go:112","message":"mongo: no documents in result"}
{"level":"error","template repo":"ReadAll cursor template","time":"2022-11-28T09:38:17+07:00","caller":"C:/Users/MSI GF63/GolandProjects/learn/chatbotbasic/internal/platform/databases/template.go:108","message":"results argument must be a pointer to a slice, but was a slice"}
{"level":"error","handler":"GetAllTemplateHandler","time":"2022-11-28T09:42:28+07:00","caller":"C:/Users/MSI GF63/GolandProjects/learn/chatbotbasic/internal/platform/webapi/handler/template.go:75","message":"data null"}
{"level":"error","handler":"GetAllTemplateHandler","time":"2022-11-28T09:51:03+07:00","caller":"C:/Users/MSI GF63/GolandProjects/learn/chatbotbasic/internal/platform/webapi/handler/template.go:75","message":"data null"}
{"level":"error","template repo":"update template","time":"2022-11-28T17:51:04+07:00","caller":"C:/Users/MSI GF63/GolandProjects/learn/chatbotbasic/internal/platform/databases/template.go:47","message":"mongo: no documents in result"}
{"level":"error","handler":"UpdateTemplateHandler","time":"2022-11-28T17:51:04+07:00","caller":"C:/Users/MSI GF63/GolandProjects/learn/chatbotbasic/internal/platform/webapi/handler/template.go:124","message":"mongo: no documents in result"}
{"level":"error","handler":"SaveNewTemplate","time":"2022-11-28T23:48:36+07:00","caller":"C:/Users/MSI GF63/GolandProjects/learn/chatbotbasic/internal/platform/webapi/handler/template.go:26","message":"code=400, message=Unmarshal type error: expected=[]request.Payload, got=object, field=stories.blocks.contents.payloads, offset=692, internal=json: cannot unmarshal object into Go struct field Contents.stories.blocks.contents.payloads of type []request.Payload"}
{"level":"error","handler":"SaveNewTemplate","time":"2022-11-28T23:53:38+07:00","caller":"C:/Users/MSI GF63/GolandProjects/learn/chatbotbasic/internal/platform/webapi/handler/template.go:26","message":"code=400, message=Unmarshal type error: expected=[]request.Payload, got=object, field=stories.blocks.contents.payloads, offset=692, internal=json: cannot unmarshal object into Go struct field Contents.stories.blocks.contents.payloads of type []request.Payload"}
{"level":"error","handler":"SaveNewTemplate","time":"2022-11-28T23:54:10+07:00","caller":"C:/Users/MSI GF63/GolandProjects/learn/chatbotbasic/internal/platform/webapi/handler/template.go:26","message":"code=400, message=Unmarshal type error: expected=[]request.Payload, got=object, field=stories.blocks.contents.payloads, offset=692, internal=json: cannot unmarshal object into Go struct field Contents.stories.blocks.contents.payloads of type []request.Payload"}
{"level":"error","handler":"SaveNewTemplate","time":"2022-11-28T23:54:41+07:00","caller":"C:/Users/MSI GF63/GolandProjects/learn/chatbotbasic/internal/platform/webapi/handler/template.go:26","message":"code=400, message=Unmarshal type error: expected=[]request.Payload, got=object, field=stories.blocks.contents.payloads, offset=692, internal=json: cannot unmarshal object into Go struct field Contents.stories.blocks.contents.payloads of type []request.Payload"}
{"level":"error","template repo":"ReadAll template","time":"2022-11-29T21:16:01+07:00","caller":"C:/Users/MSI GF63/GolandProjects/learn/chatbotbasic/internal/platform/databases/template.go:137","message":"(BadValue) $and must be an array"}
{"level":"error","handler":"GetAllTemplateHandler","time":"2022-11-29T21:16:01+07:00","caller":"C:/Users/MSI GF63/GolandProjects/learn/chatbotbasic/internal/platform/webapi/handler/template.go:96","message":"(BadValue) $and must be an array"}
{"level":"error","template repo":"ReadAll template","time":"2022-11-29T21:17:47+07:00","caller":"C:/Users/MSI GF63/GolandProjects/learn/chatbotbasic/internal/platform/databases/template.go:134","message":"(BadValue) $and must be an array"}
{"level":"error","handler":"GetAllTemplateHandler","time":"2022-11-29T21:17:47+07:00","caller":"C:/Users/MSI GF63/GolandProjects/learn/chatbotbasic/internal/platform/webapi/handler/template.go:96","message":"(BadValue) $and must be an array"}
{"level":"error","handler":"GetAllTemplateHandler","time":"2022-11-29T21:21:57+07:00","caller":"C:/Users/MSI GF63/GolandProjects/learn/chatbotbasic/internal/platform/webapi/handler/template.go:96","message":"data null"}
{"level":"error","handler":"GetAllTemplateHandler","time":"2022-11-29T21:28:57+07:00","caller":"C:/Users/MSI GF63/GolandProjects/learn/chatbotbasic/internal/platform/webapi/handler/template.go:96","message":"data null"}
{"level":"error","handler":"GetAllTemplateHandler","time":"2022-11-30T13:59:03+07:00","caller":"C:/Users/MSI GF63/GolandProjects/learn/chatbotbasic/internal/platform/webapi/handler/template.go:97","message":"data null"}
{"level":"error","template repo":"ReadAll template","time":"2022-11-30T13:59:11+07:00","caller":"C:/Users/MSI GF63/GolandProjects/learn/chatbotbasic/internal/platform/databases/template.go:141","message":"(Location51024) BSON field 'skip' value must be >= 0, actual value '-10'"}
{"level":"error","handler":"GetAllTemplateHandler","time":"2022-11-30T13:59:11+07:00","caller":"C:/Users/MSI GF63/GolandProjects/learn/chatbotbasic/internal/platform/webapi/handler/template.go:97","message":"(Location51024) BSON field 'skip' value must be >= 0, actual value '-10'"}
{"level":"error","template repo":"ReadAll template","time":"2022-11-30T14:02:38+07:00","caller":"C:/Users/MSI GF63/GolandProjects/learn/chatbotbasic/internal/platform/databases/template.go:141","message":"cannot transform type int to a BSON Document: WriteInt32 can only write while positioned on a Element or Value but is positioned on a TopLevel"}
{"level":"error","handler":"GetAllTemplateHandler","time":"2022-11-30T14:02:38+07:00","caller":"C:/Users/MSI GF63/GolandProjects/learn/chatbotbasic/internal/platform/webapi/handler/template.go:97","message":"cannot transform type int to a BSON Document: WriteInt32 can only write while positioned on a Element or Value but is positioned on a TopLevel"}
{"level":"error","template repo":"ReadAll template","time":"2022-11-30T14:03:05+07:00","caller":"C:/Users/MSI GF63/GolandProjects/learn/chatbotbasic/internal/platform/databases/template.go:141","message":"cannot transform type int to a BSON Document: WriteInt32 can only write while positioned on a Element or Value but is positioned on a TopLevel"}
{"level":"error","handler":"GetAllTemplateHandler","time":"2022-11-30T14:03:05+07:00","caller":"C:/Users/MSI GF63/GolandProjects/learn/chatbotbasic/internal/platform/webapi/handler/template.go:97","message":"cannot transform type int to a BSON Document: WriteInt32 can only write while positioned on a Element or Value but is positioned on a TopLevel"}
{"level":"error","template repo":"ReadAll template","time":"2022-11-30T14:03:17+07:00","caller":"C:/Users/MSI GF63/GolandProjects/learn/chatbotbasic/internal/platform/databases/template.go:141","message":"cannot transform type int to a BSON Document: WriteInt32 can only write while positioned on a Element or Value but is positioned on a TopLevel"}
{"level":"error","handler":"GetAllTemplateHandler","time":"2022-11-30T14:03:17+07:00","caller":"C:/Users/MSI GF63/GolandProjects/learn/chatbotbasic/internal/platform/webapi/handler/template.go:97","message":"cannot transform type int to a BSON Document: WriteInt32 can only write while positioned on a Element or Value but is positioned on a TopLevel"}
{"level":"error","handler":"GetAllTemplateHandler","time":"2022-11-30T14:08:43+07:00","caller":"C:/Users/MSI GF63/GolandProjects/learn/chatbotbasic/internal/platform/webapi/handler/template.go:97","message":"data null"}
{"level":"error","template repo":"ReadAll template","time":"2022-11-30T14:09:16+07:00","caller":"C:/Users/MSI GF63/GolandProjects/learn/chatbotbasic/internal/platform/databases/template.go:141","message":"(Location51024) BSON field 'skip' value must be >= 0, actual value '-10'"}
{"level":"error","handler":"GetAllTemplateHandler","time":"2022-11-30T14:09:16+07:00","caller":"C:/Users/MSI GF63/GolandProjects/learn/chatbotbasic/internal/platform/webapi/handler/template.go:97","message":"(Location51024) BSON field 'skip' value must be >= 0, actual value '-10'"}
{"level":"error","template repo":"save template","time":"2022-11-30T17:35:50+07:00","caller":"C:/Users/MSI GF63/GolandProjects/learn/chatbotbasic/internal/platform/databases/template.go:50","message":"cannot transform type template.Template to a BSON Document: struct template.Contents has duplicated key payload"}
{"level":"error","handler":"SaveTemplateHandler","time":"2022-11-30T17:35:50+07:00","caller":"C:/Users/MSI GF63/GolandProjects/learn/chatbotbasic/internal/platform/webapi/handler/template.go:61","message":"cannot transform type template.Template to a BSON Document: struct template.Contents has duplicated key payload"}
{"level":"error","template repo":"save template","time":"2022-11-30T17:46:14+07:00","caller":"C:/Users/MSI GF63/GolandProjects/learn/chatbotbasic/internal/platform/databases/template.go:50","message":"cannot transform type template.Template to a BSON Document: struct template.Contents has duplicated key payload"}
{"level":"error","handler":"SaveTemplateHandler","time":"2022-11-30T17:46:14+07:00","caller":"C:/Users/MSI GF63/GolandProjects/learn/chatbotbasic/internal/platform/webapi/handler/template.go:61","message":"cannot transform type template.Template to a BSON Document: struct template.Contents has duplicated key payload"}
